<?xml version="1.0" encoding="UTF-8"?>
<testng-results ignored="0" total="2" passed="2" failed="0" skipped="0">
  <reporter-output>
  </reporter-output>
  <suite started-at="2024-01-25T10:15:22Z" name="Default suite" finished-at="2024-01-25T10:15:39Z" duration-ms="17109">
    <groups>
    </groups>
    <test started-at="2024-01-25T10:15:22Z" name="Default test" finished-at="2024-01-25T10:15:39Z" duration-ms="17109">
      <class name="webElement.ToRegisterAndLoginUserTest">
        <test-method is-config="true" signature="bc()[pri:0, instance:webElement.ToRegisterAndLoginUserTest@7e5c856f]" started-at="2024-01-25T10:15:22Z" name="bc" finished-at="2024-01-25T10:15:31Z" duration-ms="8715" status="PASS">
          <reporter-output>
          </reporter-output>
        </test-method> <!-- bc -->
        <test-method signature="toResgisterUserTest()[pri:1, instance:webElement.ToRegisterAndLoginUserTest@7e5c856f]" started-at="2024-01-25T10:15:31Z" name="toResgisterUserTest" finished-at="2024-01-25T10:15:36Z" duration-ms="5013" status="PASS">
          <reporter-output>
          </reporter-output>
        </test-method> <!-- toResgisterUserTest -->
        <test-method signature="toLoginUserTest()[pri:2, instance:webElement.ToRegisterAndLoginUserTest@7e5c856f]" started-at="2024-01-25T10:15:36Z" name="toLoginUserTest" finished-at="2024-01-25T10:15:38Z" duration-ms="2701" status="PASS">
          <reporter-output>
          </reporter-output>
        </test-method> <!-- toLoginUserTest -->
        <test-method is-config="true" signature="ac()[pri:0, instance:webElement.ToRegisterAndLoginUserTest@7e5c856f]" started-at="2024-01-25T10:15:38Z" name="ac" finished-at="2024-01-25T10:15:39Z" duration-ms="645" status="PASS">
          <reporter-output>
          </reporter-output>
        </test-method> <!-- ac -->
      </class> <!-- webElement.ToRegisterAndLoginUserTest -->
    </test> <!-- Default test -->
  </suite> <!-- Default suite -->
</testng-results>
